[    0.000000] Initializing cgroup subsys cpuset
[    0.000000] Initializing cgroup subsys cpu
[    0.000000] Initializing cgroup subsys cpuacct
[    0.000000] Linux version 4.4.0-93-generic (buildd@lgw01-03) (gcc version 5.4.0 20160609 (Ubuntu 5.4.0-6ubuntu1~16.04.4) ) #116-Ubuntu SMP Fri Aug 11 21:17:51 UTC 2017 (Ubuntu 4.4.0-93.116-generic 4.4.79)
[    0.000000] Command line: BOOT_IMAGE=/boot/vmlinuz-4.4.0-93-generic root=LABEL=cloudimg-rootfs ro console=tty1 console=ttyS0
[    0.000000] KERNEL supported cpus:
[    0.000000]   Intel GenuineIntel
[    0.000000]   AMD AuthenticAMD
[    0.000000]   Centaur CentaurHauls
[    0.000000] x86/fpu: xstate_offset[2]:  576, xstate_sizes[2]:  256
[    0.000000] x86/fpu: Supporting XSAVE feature 0x01: 'x87 floating point registers'
[    0.000000] x86/fpu: Supporting XSAVE feature 0x02: 'SSE registers'
[    0.000000] x86/fpu: Supporting XSAVE feature 0x04: 'AVX registers'
[    0.000000] x86/fpu: Enabled xstate features 0x7, context size is 832 bytes, using 'standard' format.
[    0.000000] x86/fpu: Using 'lazy' FPU context switches.
[    0.000000] e820: BIOS-provided physical RAM map:
[    0.000000] BIOS-e820: [mem 0x0000000000000000-0x000000000009fbff] usable
[    0.000000] BIOS-e820: [mem 0x000000000009fc00-0x000000000009ffff] reserved
[    0.000000] BIOS-e820: [mem 0x00000000000f0000-0x00000000000fffff] reserved
[    0.000000] BIOS-e820: [mem 0x0000000000100000-0x000000003ffeffff] usable
[    0.000000] BIOS-e820: [mem 0x000000003fff0000-0x000000003fffffff] ACPI data
[    0.000000] BIOS-e820: [mem 0x00000000fec00000-0x00000000fec00fff] reserved
[    0.000000] BIOS-e820: [mem 0x00000000fee00000-0x00000000fee00fff] reserved
[    0.000000] BIOS-e820: [mem 0x00000000fffc0000-0x00000000ffffffff] reserved
[    0.000000] NX (Execute Disable) protection: active
[    0.000000] SMBIOS 2.5 present.
[    0.000000] Hypervisor detected: KVM
[    0.000000] e820: last_pfn = 0x3fff0 max_arch_pfn = 0x400000000
[    0.000000] MTRR: Disabled
[    0.000000] x86/PAT: MTRRs disabled, skipping PAT initialization too.
[    0.000000] CPU MTRRs all blank - virtualized system.
[    0.000000] x86/PAT: Configuration [0-7]: WB  WT  UC- UC  WB  WT  UC- UC  
[    0.000000] found SMP MP-table at [mem 0x0009fff0-0x0009ffff] mapped at [ffff88000009fff0]
[    0.000000] Scanning 1 areas for low memory corruption
[    0.000000] RAMDISK: [mem 0x36ac4000-0x37559fff]
[    0.000000] ACPI: Early table checksum verification disabled
[    0.000000] ACPI: RSDP 0x00000000000E0000 000024 (v02 VBOX  )
[    0.000000] ACPI: XSDT 0x000000003FFF0030 00003C (v01 VBOX   VBOXXSDT 00000001 ASL  00000061)
[    0.000000] ACPI: FACP 0x000000003FFF00F0 0000F4 (v04 VBOX   VBOXFACP 00000001 ASL  00000061)
[    0.000000] ACPI: DSDT 0x000000003FFF0470 0021C8 (v02 VBOX   VBOXBIOS 00000002 INTL 20100528)
[    0.000000] ACPI: FACS 0x000000003FFF0200 000040
[    0.000000] ACPI: FACS 0x000000003FFF0200 000040
[    0.000000] ACPI: APIC 0x000000003FFF0240 00005C (v02 VBOX   VBOXAPIC 00000001 ASL  00000061)
[    0.000000] ACPI: SSDT 0x000000003FFF02A0 0001CC (v01 VBOX   VBOXCPUT 00000002 INTL 20100528)
[    0.000000] No NUMA configuration found
[    0.000000] Faking a node at [mem 0x0000000000000000-0x000000003ffeffff]
[    0.000000] NODE_DATA(0) allocated [mem 0x3ffeb000-0x3ffeffff]
[    0.000000] kvm-clock: Using msrs 4b564d01 and 4b564d00
[    0.000000] kvm-clock: cpu 0, msr 0:3ffe3001, primary cpu clock
[    0.000000] kvm-clock: using sched offset of 3142971704 cycles
[    0.000000] clocksource: kvm-clock: mask: 0xffffffffffffffff max_cycles: 0x1cd42e4dffb, max_idle_ns: 881590591483 ns
[    0.000000] Zone ranges:
[    0.000000]   DMA      [mem 0x0000000000001000-0x0000000000ffffff]
[    0.000000]   DMA32    [mem 0x0000000001000000-0x000000003ffeffff]
[    0.000000]   Normal   empty
[    0.000000]   Device   empty
[    0.000000] Movable zone start for each node
[    0.000000] Early memory node ranges
[    0.000000]   node   0: [mem 0x0000000000001000-0x000000000009efff]
[    0.000000]   node   0: [mem 0x0000000000100000-0x000000003ffeffff]
[    0.000000] Initmem setup node 0 [mem 0x0000000000001000-0x000000003ffeffff]
[    0.000000] ACPI: PM-Timer IO Port: 0x4008
[    0.000000] IOAPIC[0]: apic_id 2, version 32, address 0xfec00000, GSI 0-23
[    0.000000] ACPI: INT_SRC_OVR (bus 0 bus_irq 0 global_irq 2 dfl dfl)
[    0.000000] ACPI: INT_SRC_OVR (bus 0 bus_irq 9 global_irq 9 high level)
[    0.000000] Using ACPI (MADT) for SMP configuration information
[    0.000000] smpboot: Allowing 2 CPUs, 0 hotplug CPUs
[    0.000000] PM: Registered nosave memory: [mem 0x00000000-0x00000fff]
[    0.000000] PM: Registered nosave memory: [mem 0x0009f000-0x0009ffff]
[    0.000000] PM: Registered nosave memory: [mem 0x000a0000-0x000effff]
[    0.000000] PM: Registered nosave memory: [mem 0x000f0000-0x000fffff]
[    0.000000] e820: [mem 0x40000000-0xfebfffff] available for PCI devices
[    0.000000] Booting paravirtualized kernel on KVM
[    0.000000] clocksource: refined-jiffies: mask: 0xffffffff max_cycles: 0xffffffff, max_idle_ns: 7645519600211568 ns
[    0.000000] setup_percpu: NR_CPUS:512 nr_cpumask_bits:512 nr_cpu_ids:2 nr_node_ids:1
[    0.000000] PERCPU: Embedded 34 pages/cpu @ffff88003fc00000 s98328 r8192 d32744 u1048576
[    0.000000] PV qspinlock hash table entries: 256 (order: 0, 4096 bytes)
[    0.000000] Built 1 zonelists in Node order, mobility grouping on.  Total pages: 257913
[    0.000000] Policy zone: DMA32
[    0.000000] Kernel command line: BOOT_IMAGE=/boot/vmlinuz-4.4.0-93-generic root=LABEL=cloudimg-rootfs ro console=tty1 console=ttyS0
[    0.000000] PID hash table entries: 4096 (order: 3, 32768 bytes)
[    0.000000] Memory: 1001724K/1048120K available (8479K kernel code, 1294K rwdata, 3984K rodata, 1492K init, 1316K bss, 46396K reserved, 0K cma-reserved)
[    0.000000] SLUB: HWalign=64, Order=0-3, MinObjects=0, CPUs=2, Nodes=1
[    0.000000] Hierarchical RCU implementation.
[    0.000000] 	Build-time adjustment of leaf fanout to 64.
[    0.000000] 	RCU restricting CPUs from NR_CPUS=512 to nr_cpu_ids=2.
[    0.000000] RCU: Adjusting geometry for rcu_fanout_leaf=64, nr_cpu_ids=2
[    0.000000] NR_IRQS:33024 nr_irqs:440 16
[    0.000000] Console: colour VGA+ 80x25
[    0.000000] console [tty1] enabled
[    0.000000] console [ttyS0] enabled
[    0.000000] tsc: Detected 1599.999 MHz processor
[    3.158251] Calibrating delay loop (skipped) preset value.. 3199.99 BogoMIPS (lpj=6399996)
[    3.255550] pid_max: default: 32768 minimum: 301
[    3.315870] ACPI: Core revision 20150930
[    3.355366] ACPI: 2 ACPI AML tables successfully acquired and loaded
[    3.394628] Security Framework initialized
[    3.428055] Yama: becoming mindful.
[    3.474237] AppArmor: AppArmor initialized
[    3.501591] Dentry cache hash table entries: 131072 (order: 8, 1048576 bytes)
[    3.566641] Inode-cache hash table entries: 65536 (order: 7, 524288 bytes)
[    3.613302] Mount-cache hash table entries: 2048 (order: 2, 16384 bytes)
[    3.616097] Mountpoint-cache hash table entries: 2048 (order: 2, 16384 bytes)
[    3.646270] Initializing cgroup subsys io
[    3.697825] Initializing cgroup subsys memory
[    3.734028] Initializing cgroup subsys devices
[    3.770876] Initializing cgroup subsys freezer
[    3.801953] Initializing cgroup subsys net_cls
[    3.824994] Initializing cgroup subsys perf_event
[    3.826404] Initializing cgroup subsys net_prio
[    3.848913] Initializing cgroup subsys hugetlb
[    3.867242] Initializing cgroup subsys pids
[    3.885386] CPU: Physical Processor ID: 0
[    3.898304] CPU: Processor Core ID: 0
[    3.905958] mce: CPU supports 0 MCE banks
[    3.907044] Last level iTLB entries: 4KB 64, 2MB 8, 4MB 8
[    3.943211] Last level dTLB entries: 4KB 64, 2MB 0, 4MB 0, 1GB 4
[    3.950899] Freeing SMP alternatives memory: 32K (ffffffff820ba000 - ffffffff820c2000)
[    3.963988] ftrace: allocating 32136 entries in 126 pages
[    4.091619] smpboot: APIC(0) Converting physical 0 to logical package 0
[    4.099140] smpboot: Max logical packages: 1
[    4.112051] x2apic enabled
[    4.120043] Switched APIC routing to physical x2apic.
[    4.141814] ..TIMER: vector=0x30 apic1=0 pin1=2 apic2=-1 pin2=-1
[    4.249698] smpboot: CPU0: Intel(R) Core(TM) i5-5250U CPU @ 1.60GHz (family: 0x6, model: 0x3d, stepping: 0x4)
[    4.256228] Performance Events: unsupported p6 CPU model 61 no PMU driver, software events only.
[    4.275398] KVM setup paravirtual spinlock
[    4.277446] x86: Booting SMP configuration:
[    4.295083] .... node  #0, CPUs:      #1
[    4.317001] kvm-clock: cpu 1, msr 0:3ffe3041, secondary cpu clock
[    4.331135] mce: CPU supports 0 MCE banks
[    4.347135] x86: Booted up 1 node, 2 CPUs
[    4.348661] smpboot: Total of 2 processors activated (6399.99 BogoMIPS)
[    4.374746] devtmpfs: initialized
[    4.382872] evm: security.selinux
[    4.395131] evm: security.SMACK64
[    4.397247] evm: security.SMACK64EXEC
[    4.398288] evm: security.SMACK64TRANSMUTE
[    4.410761] evm: security.SMACK64MMAP
[    4.450534] evm: security.ima
[    4.468329] evm: security.capability
[    4.472589] clocksource: jiffies: mask: 0xffffffff max_cycles: 0xffffffff, max_idle_ns: 7645041785100000 ns
[    4.497705] futex hash table entries: 512 (order: 3, 32768 bytes)
[    4.528147] pinctrl core: initialized pinctrl subsystem
[    4.577106] RTC time:  9:24:44, date: 09/12/17
[    4.626220] NET: Registered protocol family 16
[    4.666414] cpuidle: using governor ladder
[    4.714579] cpuidle: using governor menu
[    4.757827] PCCT header not found.
[    4.786166] ACPI: bus type PCI registered
[    4.823187] acpiphp: ACPI Hot Plug PCI Controller Driver version: 0.5
[    4.835476] PCI: Using configuration type 1 for base access
[    4.866969] ACPI: Added _OSI(Module Device)
[    4.880690] ACPI: Added _OSI(Processor Device)
[    4.909532] ACPI: Added _OSI(3.0 _SCP Extensions)
[    4.938283] ACPI: Added _OSI(Processor Aggregator Device)
[    4.946737] ACPI: Executed 1 blocks of module-level executable AML code
[    4.952090] ACPI: Interpreter enabled
[    4.976624] ACPI: (supports S0 S5)
[    5.007371] ACPI: Using IOAPIC for interrupt routing
[    5.016630] PCI: Using host bridge windows from ACPI; if necessary, use "pci=nocrs" and report a bug
[    5.064141] ACPI: PCI Root Bridge [PCI0] (domain 0000 [bus 00-ff])
[    5.075889] acpi PNP0A03:00: _OSC: OS supports [ASPM ClockPM Segments MSI]
[    5.138331] acpi PNP0A03:00: _OSC failed (AE_NOT_FOUND); disabling ASPM
[    5.190331] acpi PNP0A03:00: fail to add MMCONFIG information, can't access extended PCI configuration space under this bridge.
[    5.266717] PCI host bridge to bus 0000:00
[    5.306060] pci_bus 0000:00: root bus resource [io  0x0000-0x0cf7 window]
[    5.361054] pci_bus 0000:00: root bus resource [io  0x0d00-0xffff window]
[    5.396731] pci_bus 0000:00: root bus resource [mem 0x000a0000-0x000bffff window]
[    5.444680] pci_bus 0000:00: root bus resource [mem 0x40000000-0xffdfffff window]
[    5.499628] pci_bus 0000:00: root bus resource [bus 00-ff]
[    5.533387] pci 0000:00:01.1: legacy IDE quirk: reg 0x10: [io  0x01f0-0x01f7]
[    5.595263] pci 0000:00:01.1: legacy IDE quirk: reg 0x14: [io  0x03f6]
[    5.644998] pci 0000:00:01.1: legacy IDE quirk: reg 0x18: [io  0x0170-0x0177]
[    5.708517] pci 0000:00:01.1: legacy IDE quirk: reg 0x1c: [io  0x0376]
[    5.766766] pci 0000:00:07.0: quirk: [io  0x4000-0x403f] claimed by PIIX4 ACPI
[    5.795624] pci 0000:00:07.0: quirk: [io  0x4100-0x410f] claimed by PIIX4 SMB
[    5.873426] ACPI: PCI Interrupt Link [LNKA] (IRQs 5 9 10 *11)
[    5.923341] ACPI: PCI Interrupt Link [LNKB] (IRQs 5 9 10 *11)
[    5.953810] ACPI: PCI Interrupt Link [LNKC] (IRQs 5 9 *10 11)
[    5.962964] ACPI: PCI Interrupt Link [LNKD] (IRQs 5 *9 10 11)
[    5.972025] ACPI: Enabled 2 GPEs in block 00 to 07
[    5.975917] vgaarb: setting as boot device: PCI:0000:00:02.0
[    5.999072] vgaarb: device added: PCI:0000:00:02.0,decodes=io+mem,owns=io+mem,locks=none
[    6.026943] vgaarb: loaded
[    6.040163] vgaarb: bridge control possible 0000:00:02.0
[    6.070464] SCSI subsystem initialized
[    6.103294] ACPI: bus type USB registered
[    6.104425] usbcore: registered new interface driver usbfs
[    6.105822] usbcore: registered new interface driver hub
[    6.127511] usbcore: registered new device driver usb
[    6.167572] PCI: Using ACPI for IRQ routing
[    6.187702] NetLabel: Initializing
[    6.196157] NetLabel:  domain hash size = 128
[    6.199687] NetLabel:  protocols = UNLABELED CIPSOv4
[    6.202062] NetLabel:  unlabeled traffic allowed by default
[    6.259151] amd_nb: Cannot enumerate AMD northbridges
[    6.296522] clocksource: Switched to clocksource kvm-clock
[    6.307052] AppArmor: AppArmor Filesystem Enabled
[    6.408914] pnp: PnP ACPI init
[    6.470580] pnp: PnP ACPI: found 3 devices
[    6.556969] clocksource: acpi_pm: mask: 0xffffff max_cycles: 0xffffff, max_idle_ns: 2085701024 ns
[    6.567588] NET: Registered protocol family 2
[    6.569107] TCP established hash table entries: 8192 (order: 4, 65536 bytes)
[    6.669419] TCP bind hash table entries: 8192 (order: 5, 131072 bytes)
[    6.758658] TCP: Hash tables configured (established 8192 bind 8192)
[    6.801314] UDP hash table entries: 512 (order: 2, 16384 bytes)
[    6.868915] UDP-Lite hash table entries: 512 (order: 2, 16384 bytes)
[    6.975051] NET: Registered protocol family 1
[    7.068350] pci 0000:00:00.0: Limiting direct PCI/PCI transfers
[    7.131526] pci 0000:00:01.0: Activating ISA DMA hang workarounds
[    7.191625] Unpacking initramfs...
[    9.368354] Freeing initrd memory: 10840K (ffff880036ac4000 - ffff88003755a000)
[    9.421308] RAPL PMU detected, API unit is 2^-32 Joules, 4 fixed counters 10737418240 ms ovfl timer
[    9.434295] hw unit of domain pp0-core 2^-0 Joules
[    9.457509] hw unit of domain package 2^-0 Joules
[    9.458746] hw unit of domain dram 2^-0 Joules
[    9.459963] hw unit of domain pp1-gpu 2^-0 Joules
[    9.487116] platform rtc_cmos: registered platform RTC device (no PNP device found)
[    9.494734] Scanning for low memory corruption every 60 seconds
[    9.498209] audit: initializing netlink subsys (disabled)
[    9.506496] audit: type=2000 audit(1505208288.600:1): initialized
[    9.510734] Initialise system trusted keyring
[    9.513056] HugeTLB registered 2 MB page size, pre-allocated 0 pages
[    9.547158] zbud: loaded
[    9.554229] VFS: Disk quotas dquot_6.6.0
[    9.558144] VFS: Dquot-cache hash table entries: 512 (order 0, 4096 bytes)
[    9.569759] squashfs: version 4.0 (2009/01/31) Phillip Lougher
[    9.571408] fuse init (API version 7.23)
[    9.605843] Key type big_key registered
[    9.618150] Allocating IMA MOK and blacklist keyrings.
[    9.627802] Key type asymmetric registered
[    9.643375] Asymmetric key parser 'x509' registered
[    9.666743] Block layer SCSI generic (bsg) driver version 0.4 loaded (major 249)
[    9.702470] io scheduler noop registered
[    9.764856] io scheduler deadline registered (default)
[    9.807062] io scheduler cfq registered
[    9.831990] pci_hotplug: PCI Hot Plug PCI Core version: 0.5
[    9.834826] pciehp: PCI Express Hot Plug Controller Driver version: 0.4
[    9.837026] ACPI: AC Adapter [AC] (on-line)
[    9.838946] input: Power Button as /devices/LNXSYSTM:00/LNXPWRBN:00/input/input0
[    9.859364] ACPI: Power Button [PWRF]
[    9.861762] input: Sleep Button as /devices/LNXSYSTM:00/LNXSLPBN:00/input/input1
[    9.887699] ACPI: Sleep Button [SLPF]
[    9.895291] GHES: HEST is not enabled!
[    9.896432] ACPI: Battery Slot [BAT0] (battery present)
[    9.913920] Serial: 8250/16550 driver, 32 ports, IRQ sharing enabled
[    9.967626] 00:02: ttyS0 at I/O 0x3f8 (irq = 4, base_baud = 115200) is a 16550A
[   10.065425] Linux agpgart interface v0.103
[   10.098775] loop: module loaded
[   10.116460] scsi host0: ata_piix
[   10.128398] scsi host1: ata_piix
[   10.159403] ata1: PATA max UDMA/33 cmd 0x1f0 ctl 0x3f6 bmdma 0xd000 irq 14
[   10.212186] ata2: PATA max UDMA/33 cmd 0x170 ctl 0x376 bmdma 0xd008 irq 15
[   10.311197] libphy: Fixed MDIO Bus: probed
[   10.377610] tun: Universal TUN/TAP device driver, 1.6
[   10.391675] tun: (C) 1999-2004 Max Krasnyansky <maxk@qualcomm.com>
[   10.393415] PPP generic driver version 2.4.2
[   10.394972] ehci_hcd: USB 2.0 'Enhanced' Host Controller (EHCI) Driver
[   10.410084] ehci-pci: EHCI PCI platform driver
[   10.434131] ehci-platform: EHCI generic platform driver
[   10.462835] ohci_hcd: USB 1.1 'Open' Host Controller (OHCI) Driver
[   10.475571] ohci-pci: OHCI PCI platform driver
[   10.484805] tsc: Refined TSC clocksource calibration: 1599.233 MHz
[   10.484808] clocksource: tsc: mask: 0xffffffffffffffff max_cycles: 0x170d5073327, max_idle_ns: 440795269326 ns
[   10.537844] ohci-platform: OHCI generic platform driver
[   10.551306] uhci_hcd: USB Universal Host Controller Interface driver
[   10.612552] i8042: PNP: PS/2 Controller [PNP0303:PS2K,PNP0f03:PS2M] at 0x60,0x64 irq 1,12
[   10.661580] serio: i8042 KBD port at 0x60,0x64 irq 1
[   10.668714] serio: i8042 AUX port at 0x60,0x64 irq 12
[   10.681330] mousedev: PS/2 mouse device common for all mice
[   10.696644] rtc_cmos rtc_cmos: rtc core: registered rtc_cmos as rtc0
[   10.763799] rtc_cmos rtc_cmos: alarms up to one day, 114 bytes nvram
[   10.811452] input: AT Translated Set 2 keyboard as /devices/platform/i8042/serio0/input/input2
[   10.813807] i2c /dev entries driver
[   10.832461] device-mapper: uevent: version 1.0.3
[   10.834004] device-mapper: ioctl: 4.34.0-ioctl (2015-10-28) initialised: dm-devel@redhat.com
[   10.916822] ledtrig-cpu: registered to indicate activity on CPUs
[   10.962945] NET: Registered protocol family 10
[   11.008097] NET: Registered protocol family 17
[   11.068825] Key type dns_resolver registered
[   11.120784] microcode: CPU0 sig=0x306d4, pf=0x40, revision=0x0
[   11.144761] microcode: CPU1 sig=0x306d4, pf=0x40, revision=0x0
[   11.146289] microcode: Microcode Update Driver: v2.01 <tigran@aivazian.fsnet.co.uk>, Peter Oruba
[   11.148689] registered taskstats version 1
[   11.178020] Loading compiled-in X.509 certificates
[   11.229780] Loaded X.509 cert 'Build time autogenerated kernel key: a6f98c496ad22cf23b77f8fe21ff88c41791cbd4'
[   11.320837] zswap: loaded using pool lzo/zbud
[   11.365124] Key type trusted registered
[   11.433427] Key type encrypted registered
[   11.462340] AppArmor: AppArmor sha1 policy hashing enabled
[   11.494797] ima: No TPM chip found, activating TPM-bypass!
[   11.550252] evm: HMAC attrs: 0x1
[   11.555299]   Magic number: 1:248:424
[   11.585344] rtc_cmos rtc_cmos: setting system clock to 2017-09-12 09:24:51 UTC (1505208291)
[   11.601390] BIOS EDD facility v0.16 2004-Jun-25, 0 devices found
[   11.621053] EDD information not available.
[   11.632836] Freeing unused kernel memory: 1492K (ffffffff81f45000 - ffffffff820ba000)
[   11.659757] Write protecting the kernel read-only data: 14336k
[   11.673070] Freeing unused kernel memory: 1748K (ffff88000184b000 - ffff880001a00000)
[   11.756320] Freeing unused kernel memory: 112K (ffff880001de4000 - ffff880001e00000)
Loading, please wait...
starting version[   11.806424] random: systemd-udevd: uninitialized urandom read (16 bytes read, 7 bits of entropy available)
 229
[   11.807403] random: udevadm: uninitialized urandom read (16 bytes read, 7 bits of entropy available)
[   11.807456] random: udevadm: uninitialized urandom read (16 bytes read, 7 bits of entropy available)
[   11.807624] random: udevadm: uninitialized urandom read (16 bytes read, 7 bits of entropy available)
[   11.807686] random: udevadm: uninitialized urandom read (16 bytes read, 7 bits of entropy available)
[   11.807746] random: udevadm: uninitialized urandom read (16 bytes read, 7 bits of entropy available)
[   11.807809] random: udevadm: uninitialized urandom read (16 bytes read, 7 bits of entropy available)
[   11.807880] random: udevadm: uninitialized urandom read (16 bytes read, 7 bits of entropy available)
[   11.807977] random: udevadm: uninitialized urandom read (16 bytes read, 7 bits of entropy available)
[   11.808052] random: udevadm: uninitialized urandom read (16 bytes read, 7 bits of entropy available)
[   12.491919] Fusion MPT base driver 3.04.20
[   12.495011] Copyright (c) 1999-2008 LSI Corporation
[   12.518233] e1000: Intel(R) PRO/1000 Network Driver - version 7.3.21-k8-NAPI
[   12.524903] e1000: Copyright (c) 1999-2006 Intel Corporation.
[   12.566684] AVX version of gcm_enc/dec engaged.
[   12.654144] AES CTR mode by8 optimization enabled
[   12.714732] Fusion MPT SPI Host driver 3.04.20
[   12.755858] input: ImExPS/2 Generic Explorer Mouse as /devices/platform/i8042/serio1/input/input4
[   13.100796] e1000 0000:00:03.0 eth0: (PCI:33MHz:32-bit) 02:04:e4:df:e4:d8
[   13.162792] e1000 0000:00:03.0 eth0: Intel(R) PRO/1000 Network Connection
[   13.235730] mptbase: ioc0: Initiating bringup
[   13.349573] ioc0: LSI53C1030 A0: Capabilities={Initiator}
[   13.552340] scsi host2: ioc0: LSI53C1030 A0, FwRev=00000000h, Ports=1, MaxQ=256, IRQ=20
[   13.665201] scsi 2:0:0:0: Direct-Access     VBOX     HARDDISK         1.0  PQ: 0 ANSI: 5
[   13.712451] scsi target2:0:0: Beginning Domain Validation
[   13.735419] scsi target2:0:0: Domain Validation skipping write tests
[   13.737185] scsi target2:0:0: Ending Domain Validation
[   13.738738] scsi target2:0:0: asynchronous
[   13.743930] scsi 2:0:1:0: Direct-Access     VBOX     HARDDISK         1.0  PQ: 0 ANSI: 5
[   13.746720] scsi target2:0:1: Beginning Domain Validation
[   13.775194] scsi target2:0:1: Domain Validation skipping write tests
[   13.776961] scsi target2:0:1: Ending Domain Validation
[   13.778819] scsi target2:0:1: asynchronous
[   13.801523] sd 2:0:0:0: Attached scsi generic sg0 type 0
[   13.828919] sd 2:0:1:0: Attached scsi generic sg1 type 0
[   13.836186] sd 2:0:0:0: [sda] 20971520 512-byte logical blocks: (10.7 GB/10.0 GiB)
[   13.838750] sd 2:0:1:0: [sdb] 20480 512-byte logical blocks: (10.5 MB/10.0 MiB)
[   13.841278] sd 2:0:0:0: [sda] Write Protect is off
[   13.862598] sd 2:0:1:0: [sdb] Write Protect is off
[   13.869833] sd 2:0:0:0: [sda] Incomplete mode parameter data
[   13.871787] sd 2:0:0:0: [sda] Assuming drive cache: write through
[   13.959933] sd 2:0:1:0: [sdb] Incomplete mode parameter data
[   14.009077] sd 2:0:1:0: [sdb] Assuming drive cache: write through
[   14.012888]  sda: sda1
[   14.015347] sd 2:0:0:0: [sda] Attached SCSI disk
[   14.019451] sd 2:0:1:0: [sdb] Attached SCSI disk
[   14.076528] e1000 0000:00:08.0 eth1: (PCI:33MHz:32-bit) 08:00:27:15:22:76
[   14.094334] e1000 0000:00:08.0 eth1: Intel(R) PRO/1000 Network Connection
[   14.120496] e1000 0000:00:03.0 enp0s3: renamed from eth0
[   14.144934] e1000 0000:00:08.0 enp0s8: renamed from eth1
[   15.681869] floppy0: no floppy controllers found
Begin: Loading e[   17.125586] md: linear personality registered for level -1
ssential drivers[   17.194347] md: multipath personality registered for level -4
 ... [   17.223716] md: raid0 personality registered for level 0
[   17.274839] md: raid1 personality registered for level 1
[   17.376544] raid6: sse2x1   gen()  6867 MB/s
[   17.496826] raid6: sse2x1   xor()  5385 MB/s
[   17.612706] raid6: sse2x2   gen()  9775 MB/s
[   17.712669] raid6: sse2x2   xor()  6412 MB/s
[   17.808653] raid6: sse2x4   gen() 11218 MB/s
[   17.912722] raid6: sse2x4   xor()  7988 MB/s
[   17.945600] raid6: using algorithm sse2x4 gen() 11218 MB/s
[   18.010560] raid6: .... xor() 7988 MB/s, rmw enabled
[   18.057700] raid6: using ssse3x2 recovery algorithm
[   18.089909] xor: automatically using best checksumming function:
[   18.190192]    avx       : 19704.000 MB/sec
[   18.220861] async_tx: api initialized (async)
[   18.269557] md: raid6 personality registered for level 6
[   18.326741] md: raid5 personality registered for level 5
[   18.343216] md: raid4 personality registered for level 4
[   18.356433] md: raid10 personality registered for level 10
done.
Begin: Running /scripts/init-premount ... done.
Begin: Mounting root file system ... Begin: R[   18.439013] Btrfs loaded
unning /scripts/local-top ... done.
Begin: Running /scripts/local-premount ... Scanning for Btrfs filesystems
done.
Warning: fsck no[   18.495928] EXT4-fs (sda1): mounted filesystem with ordered data mode. Opts: (null)
t present, so skipping root file system
done.
Begin: Running /scripts/local-bottom ... done.
Begin: Running /scripts/init-bottom ... done.
[   18.651677] systemd[1]: systemd 229 running in system mode. (+PAM +AUDIT +SELINUX +IMA +APPARMOR +SMACK +SYSVINIT +UTMP +LIBCRYPTSETUP +GCRYPT +GNUTLS +ACL +XZ -LZ4 +SECCOMP +BLKID +ELFUTILS +KMOD -IDN)
[   18.856624] systemd[1]: Detected virtualization oracle.
[   18.871376] systemd[1]: Detected architecture x86-64.

Welcome to [1mUbuntu 16.04.3 LTS[0m!

[   18.896368] systemd[1]: Set hostname to <ubuntu>.
[   18.985854] systemd[1]: Initializing machine ID from random generator.
[   19.116001] systemd[1]: Installed transient /etc/machine-id file.
[   19.323537] systemd[1]: Listening on LVM2 poll daemon socket.
[[0;32m  OK  [0m] Listening on LVM2 poll daemon socket.
[   19.449073] systemd[1]: Started Forward Password Requests to Wall Directory Watch.
[[0;32m  OK  [0m] Started Forward Password Requests to Wall Directory Watch.
[   19.561118] systemd[1]: Listening on Journal Socket.
[[0;32m  OK  [0m] Listening on Journal Socket.
[   19.604349] systemd[1]: Created slice System Slice.
[[0;32m  OK  [0m] Created slice System Slice.
[   19.649325] systemd[1]: Starting Uncomplicated firewall...
[   19.685696] random: nonblocking pool is initialized
         Starting Uncomplicated firewall...
[   19.753286] systemd[1]: Mounting POSIX Message Queue File System...
         Mounting POSIX Message Queue File System...
[   19.872775] systemd[1]: Starting Nameserver information manager...
         Starting Nameserver information manager...
[   19.969068] systemd[1]: Reached target User and Group Name Lookups.
[[0;32m  OK  [0m] Reached target User and Group Name Lookups.
[   20.093818] systemd[1]: Listening on Device-mapper event daemon FIFOs.
[[0;32m  OK  [0m] Listening on Device-mapper event daemon FIFOs.
[   20.277214] systemd[1]: Reached target Encrypted Volumes.
[[0;32m  OK  [0m] Reached target Encrypted Volumes.
[   20.368991] systemd[1]: Starting Create list of required static device nodes for the current kernel...
         Starting Create list of required st... nodes for the current kernel...
[   20.477296] systemd[1]: Listening on Journal Socket (/dev/log).
[[0;32m  OK  [0m] Listening on Journal Socket (/dev/log).
[   20.557649] systemd[1]: Created slice User and Session Slice.
[[0;32m  OK  [0m] Created slice User and Session Slice.
[   20.620937] systemd[1]: Starting Set console keymap...
         Starting Set console keymap...
[   20.664965] systemd[1]: Listening on /dev/initctl Compatibility Named Pipe.
[[0;32m  OK  [0m] Listening on /dev/initctl Compatibility Named Pipe.
[   20.737092] systemd[1]: Listening on Syslog Socket.
[[0;32m  OK  [0m] Listening on Syslog Socket.
[   20.824915] systemd[1]: Reached target Slices.
[[0;32m  OK  [0m] Reached target Slices.
[   20.877518] systemd[1]: Mounting Debug File System...
         Mounting Debug File System...
[   20.886640] systemd[1]: Listening on udev Control Socket.
[[0;32m  OK  [0m] Listening on udev Control Socket.
[   20.949095] systemd[1]: Starting Load Kernel Modules...
         Starting Load Ke[   21.003868] Loading iSCSI transport class v2.0-870.
rnel Modules...
[   21.046348] systemd[1]: Listening on udev Kernel Socket.
[[0;32m  OK  [0m] Listening on udev Kernel Socket.
[   21.049987] systemd[1]: Started Trigger resolvconf update for networkd DNS.
[   21.051982] iscsi: registered transport (tcp)
[[0;32m  OK  [0m] Started Trigger resolvconf update for networkd DNS.
[   21.091810] iscsi: registered transport (iser)
[   21.112669] systemd[1]: Created slice system-serial\x2dgetty.slice.
[[0;32m  OK  [0m] Created slice system-serial\x2dgetty.slice.
[   21.197122] systemd[1]: Starting Remount Root and Kernel File Systems...
         Starting Remount[   21.266836] EXT4-fs (sda1): re-mounted. Opts: (null)
 Root and Kernel File Systems...
[   21.297248] systemd[1]: Mounting Huge Pages File System...
         Mounting Huge Pages File System...
[   21.305334] systemd[1]: Listening on Journal Audit Socket.
[[0;32m  OK  [0m] Listening on Journal Audit Socket.
[   21.309230] systemd[1]: Starting Journal Service...
         Starting Journal Service...
[   21.320322] systemd[1]: Set up automount Arbitrary Executable File Formats File System Automount Point.
[[0;32m  OK  [0m] Set up automount Arbitrary Executab...ats File System Automount Point.
[   21.361181] systemd[1]: Reached target Swap.
[[0;32m  OK  [0m] Reached target Swap.
[   21.366640] systemd[1]: Listening on LVM2 metadata daemon socket.
[[0;32m  OK  [0m] Listening on LVM2 metadata daemon socket.
[   21.389258] systemd[1]: Starting Monitoring of LVM2 mirrors, snapshots etc. using dmeventd or progress polling...
         Starting Monitoring of LVM2 mirrors... dmeventd or progress polling...
[   21.457659] systemd[1]: Mounted Huge Pages File System.
[[0;32m  OK  [0m] Mounted Huge Pages File System.
[   21.496987] systemd[1]: Mounted POSIX Message Queue File System.
[[0;32m  OK  [0m] Mounted POSIX Message Queue File System.
[   21.565484] systemd[1]: Mounted Debug File System.
[[0;32m  OK  [0m] Mounted Debug File System.
[   21.644877] systemd[1]: Started Journal Service.
[[0;32m  OK  [0m] Started Journal Service.
[[0;32m  OK  [0m] Started Uncomplicated firewall.
[[0;32m  OK  [0m] Started Create list of required sta...ce nodes for the current kernel.
[[0;32m  OK  [0m] Started Set console keymap.
[[0;32m  OK  [0m] Started Load Kernel Modules.
[[0;32m  OK  [0m] Started Remount Root and Kernel File Systems.
[[0;32m  OK  [0m] Started Nameserver information manager.
[[0;32m  OK  [0m] Started LVM2 metadata daemon.
         Starting Initial cloud-init job (pre-networking)...
         Starting udev Coldplug all Devices...
         Starting Load/Save Random Seed...
         Starting Apply Kernel Variables...
         Mounting FUSE Control File System...
         Starting Create Static Device Nodes in /dev...
         Starting Flush Journal to Persistent Storage...
[[0;32m  OK  [0m] Mounted FUSE Control File System.
[[0;32m  OK  [0m] Started Load/Save Random Seed.
[[0;32m  OK  [0m] Started Apply Kernel Variables.
[[0;32m  OK  [0m] Started Create Static Device Nodes in /dev.
[[0;32m  OK  [0m] Started udev Coldplug all Devices.
[[0;32m  OK  [0m] Started Flush Journal to Persistent Storage.
         Starting udev Kernel Device Manager...
[[0;32m  OK  [0m] Started udev Kernel Device Manager.
[[0;32m  OK  [0m] Started Monitoring of LVM2 mirrors,...ng dmeventd or progress polling.
[[0;32m  OK  [0m] Reached target Local File Systems (Pre).
[[0;32m  OK  [0m] Reached target Local File Systems.
         Starting LSB: AppArmor initialization...
         Starting Tell Plymouth To Write Out Runtime Data...
         Starting Set console font and keymap...
         Starting Commit a transient machine-id on disk...
         Starting Create Volatile Files and Directories...
[[0;32m  OK  [0m] Started Dispatch Password Requests to Console Directory Watch.
[[0;32m  OK  [0m] Started Tell Plymouth To Write Out Runtime Data.
[[0;32m  OK  [0m] Started Commit a transient machine-id on disk.
[   17.403433] cloud-init[439]: Cloud-init v. 0.7.9 running 'init-local' at Tue, 12 Sep 2017 09:25:02 +0000. Up 17.02 seconds.
[[0;32m  OK  [0m] Started Create Volatile Files and Directories.
[[0;32m  OK  [0m] Started Initial cloud-init job (pre-networking).
[[0;32m  OK  [0m] Found device /dev/ttyS0.
[[0;32m  OK  [0m] Listening on Load/Save RF Kill Switch Status /dev/rfkill Watch.
[[0;32m  OK  [0m] Reached target Network (Pre).
         Starting Update UTMP about System Boot/Shutdown...
[[0;32m  OK  [0m] Reached target System Time Synchronized.
[[0;32m  OK  [0m] Started Update UTMP about System Boot/Shutdown.
[[0;32m  OK  [0m] Started Set console font and keymap.
[[0;32m  OK  [0m] Created slice system-getty.slice.
[[0;32m  OK  [0m] Started LSB: AppArmor initialization.
         Starting Raise network interfaces...
[[0;32m  OK  [0m] Started Raise network interfaces.
[[0;32m  OK  [0m] Reached target Network.
         Starting Initial cloud-init job (metadata service crawler)...
[   20.968716] cloud-init[940]: Cloud-init v. 0.7.9 running 'init' at Tue, 12 Sep 2017 09:25:05 +0000. Up 20.30 seconds.
[   21.032585] [cloud-init[0;32m  OK  [0m[940]: ] ci-info: +++++++++++++++++++++++++++++++++++++Net device info++++++++++++++++++++++++++++++++++++++Started Initial cloud-init job (metadata service crawler).

[   21.033418] cloud-init[940]: ci-info: +--------+-------+---------------------------+---------------+-------+-------------------+
[   21.224786] [cloud-init[0;32m  OK  [0m[940]: ] ci-info: | Device |   Up  |          Address          |      Mask     | Scope |     Hw-Address    |Reached target Network is Online.

[   21.316770]          cloud-initStarting iSCSI initiator daemon (iscsid)...[940]: 
ci-info: +--------+-------+---------------------------+---------------+-------+-------------------+
[   21.420876] [cloud-init[0;32m  OK  [0m[940]: ] ci-info: | enp0s8 | False |             .             |       .       |   .   | 08:00:27:15:22:76 |Reached target Cloud-config availability.

[   21.525135] [cloud-init[0;32m  OK  [0m[940]: ] ci-info: | enp0s3 |  True |         10.0.2.15         | 255.255.255.0 |   .   | 02:04:e4:df:e4:d8 |Reached target System Initialization.

[[0;32m  OK  [0m] Listening on UUID daemon activation socket.
[   21.526226] cloud-init[940]: ci-info: | enp0s3 |  True | fe80::4:e4ff:fedf:e4d8/64 |       .       |  link | 02:04:e4:df:e4:d8 |
[   21.694608] [cloud-init[0;32m  OK  [0m[940]: ] ci-info: |   lo   |  True |         127.0.0.1         |   255.0.0.0   |   .   |         .         |Started ACPI Events Check.

[   21.695547] [cloud-init[0;32m  OK  [0m[940]: ] ci-info: |   lo   |  True |          ::1/128          |       .       |  host |         .         |Reached target Paths.

[   21.828704] [[0;32m  OK  [0m] Started Daily apt download activities.
cloud-init[940]: ci-info: +--------+-------+---------------------------+---------------+-------+-------------------+
[   21.909339]          cloud-initStarting LXD - unix socket.[940]: 
ci-info: +++++++++++++++++++++++++++Route IPv4 info++++++++++++++++++++++++++++
[   21.962908]          cloud-initStarting Socket activation for snappy daemon.[940]: 
ci-info: +-------+-------------+----------+---------------+-----------+-------+
[   22.016892] [cloud-init[0;32m  OK  [0m[940]: ] ci-info: | Route | Destination | Gateway  |    Genmask    | Interface | Flags |Listening on D-Bus System Message Bus Socket.

[[0;32m  OK  [0m] Started Daily Cleanup of Temporary Directories.
[[0;32m  OK  [0m] Listening on ACPID Listen Socket.
[   22.018064] cloud-init[940]: ci-info: +-------+-------------+----------+---------------+-----------+-------+
[   22.180681] [[0;32m  OK  [0m] Started Timer to automatically refresh installed snaps.
cloud-init[940]: ci-info: |   0   |   0.0.0.0   | 10.0.2.2 |    0.0.0.0    |   enp0s3  |   UG  |
[   22.236610] [cloud-init[0;32m  OK  [0m[940]: ] ci-info: |   1   |   10.0.2.0  | 0.0.0.0  | 255.255.255.0 |   enp0s3  |   U   |Started Daily apt upgrade and clean activities.

[   22.237448] [cloud-init[0;32m  OK  [0m[940]: ] ci-info: +-------+-------------+----------+---------------+-----------+-------+Reached target Timers.

[   22.301384] cloud-init[940]: Generating public/private rsa key pair.
[   22.384935] [cloud-init[0;32m  OK  [0m[940]: ] Your identification has been saved in /etc/ssh/ssh_host_rsa_key.Listening on LXD - unix socket.

[   22.436613] [cloud-init[0;32m  OK  [0m[940]: ] Your public key has been saved in /etc/ssh/ssh_host_rsa_key.pub.Listening on Socket activation for snappy daemon.

[[0;32m  OK  [0m] Started iSCSI initiator daemon (iscsid).
[   22.437411] cloud-init[940]: The key fingerprint is:
[   22.557044]          cloud-initStarting Login to default iSCSI targets...[940]: 
SHA256:f4YL1GO9ADOOiSNqtXcs+X1MK1xlHO/dlR+zSHw862g root@ubuntu-xenial
[   22.557931] [cloud-init[0;32m  OK  [0m[940]: ] The key's randomart image is:Reached target Sockets.

[   22.625623] [cloud-init[0;32m  OK  [0m[940]: ] +---[RSA 2048]----+Reached target Basic System.

[   22.716297] [cloud-init[0;32m  OK  [0m[940]: ] |                 |Started ACPI event daemon.

[   22.716982] cloud-init[940]: |             .   |
[   22.804629]          cloud-initStarting /etc/rc.local Compatibility...[940]: 
|        +   o + .|
[   22.805372] cloud-init[940]: |     . + = . * O.|
[   22.849193] cloud-init[940]: |  ..o o S = = + @|
[   22.855034] cloud-init[940]: | .....o. o * o ++|
[   22.867542] cloud-init[940]: |.. . + oo * = o  |
[   22.880636] cloud-init[940]: |.   . + .+ B E . |
         Starting Apply the settings specified in cloud-config...
[   22.904459] cloud-init[940]: |       . .+ .    |
[   22.931998] cloud-init[940]: +----[SHA256]-----+
[   22.937806] cloud-init[940]: Generating public/private dsa key pair.
         Starting Login Service...
[[0;32m  OK  [0m] Started Regular background program processing daemon.
[[0;32m  OK  [0m] Started D-Bus System Message Bus.
[   22.957961] cloud-init[940]: Your identification has been saved in /etc/ssh/ssh_host_dsa_key.
[   23.010520] cloud-init[940]: Your public key has been saved in /etc/ssh/ssh_host_dsa_key.pub.
[   23.021898] cloud-init[940]: The key fingerprint is:
[   23.037106] cloud-init[940]: SHA256:hSgHYGbVJvSi0i9v+Qw4NklM1YmUFnZTZlCHjp7Nl2Q root@ubuntu-xenial
[   23.048408] cloud-init[940]: The key's randomart image is:
         Starting Pollinate to seed the pseudo random number generator...
[[0;32m  OK  [0m] Started Unattended Upgrades Shutdown.
[[0;32m  OK  [0m] Started Deferred execution scheduler.
         Starting LSB: Record successful boot for GRUB...
         Starting LSB: MD monitoring daemon...
[[0;32m  OK  [0m] Started FUSE filesystem for LXC.
         Starting System Logging Service...
[   23.056900] cloud-init[940]: +---[DSA 1024]----+
[   23.145690] cloud-init[940]: |  ==O*+==..      |
         Starting Accounts Service...
[[0;32m  OK  [0m] Started Snappy daemon.
         Starting Auto import assertions from block devices...
         Starting LXD - container startup/shutdown...
[   23.160334] cloud-init[940]: | + o=+==.o       |
[[0;32m  OK  [0m] Started /etc/rc.local Compatibility.
[   23.189454] cloud-init[940]: |  ..oo+o. .      |
[[0;32m  OK  [0m] Started System Logging Service.
[   23.204409] cloud-init[940]: | + . +. ..E      |
[   23.243350] cloud-init[940]: |. =  . +So .     |
[   23.263231] cloud-init[940]: | o +  o o o      |
[   23.272166] cloud-init[940]: |  B o.   .       |
[   23.284602] cloud-init[940]: | . =oo           |
[   23.296351] cloud-init[940]: |   ...o          |
[   23.306215] cloud-init[940]: +----[SHA256]-----+
[   23.320322] cloud-init[940]: Generating public/private ecdsa key pair.
[   23.332459] cloud-init[940]: Your identification has been saved in /etc/ssh/ssh_host_ecdsa_key.
[   23.343843] cloud-init[940]: Your public key has been saved in /etc/ssh/ssh_host_ecdsa_key.pub.
[   23.354286] cloud-init[940]: The key fingerprint is:
[[0;32m  OK  [0m] Started LSB: Record successful boot for GRUB.
[[0;32m  OK  [0m] Started LSB: MD monitoring daemon.
[[0;32m  OK  [0m] Started Auto import assertions from block devices.
[[0;32m  OK  [0m] Started LXD - container startup/shutdown.
[[0;32m  OK  [0m] Started Login to default iSCSI targets.
[   23.407439] cloud-init[940]: SHA256:LfEO/wvA/Nqz+yBXzTMMsn7jDkASulE+YcgErdslsIM root@ubuntu-xenial
[   23.560609] cloud-init[940]: The key's randomart image is:
[   23.568965] cloud-init[940]: +---[ECDSA 256]---+
[   23.580941] cloud-init[940]: |  .=..=          |
[   23.587888] cloud-init[940]: |  . += o         |
         Starting Authenticate and Authorize Users to Run Privileged Tasks...
[[0;32m  OK  [0m] Reached target Remote File Systems (Pre).
[   23.607477] cloud-init[940]: | . +o + o . .    |
[   23.652403] [cloud-init[0;32m  OK  [0m[940]: ] |E + .o.* + o =   |Reached target Remote File Systems.

[   23.653022] cloud-init[940]: |   +.o  S + . *  |
[   23.688548] cloud-init[940]: |  . .    X .   o |
         Starting Permit User Sessions...
[   23.702804] cloud-init[940]: |        . X o    |
         Starting LSB: daemon to balance interrupts for SMP systems...
[   23.791548] cloud-init[940]: |         =.B .   |
[   23.834893] cloud-init[940]: |        . +**.   |
[   23.838690] cloud-init[940]: +----[SHA256]-----+
         Starting LSB: VirtualBox Linux Additions...
[   23.864091] cloud-init[940]: Generating public/private ed25519 key pair.
[   23.932536] cloud-init[940]: Your identification has been saved in /etc/ssh/ssh_host_ed25519_key.
         Starting LSB: Set the CPU Frequency Scaling governor to "ondemand"...
[   23.933397] cloud-init[940]: Your public key has been saved in /etc/ssh/ssh_host_ed25519_key.pub.
[   23.996583] cloud-init[940]: The key fingerprint is:
[   24.025722] cloud-init[940]: SHA256:+h1imdsOiQRZZspZE7zcbM/P4Ef4wS1KEc+6Z1DjhXQ root@ubuntu-xenial
         Starting LSB: automatic crash report generation...
[   24.026386] cloud-init[940]: The key's randomart image is:
[   24.128811] cloud-init[940]: +--[ED25519 256]--+
[[0;32m  OK  [0m] Started Pollinate to seed the pseudo random number generator.
[[0;32m  OK  [0m[   24.129495] ] cloud-initStarted Permit User Sessions.[940]: 
|     .B.         |
[[   24.245083] cloud-init[940]: |   . O..  . . E  |
[   24.245749] [0;32m  OK  [0mcloud-init] [940]: Started Login Service.|    *. +   = o   |

[   24.246091] cloud-init[940]: |     .o + . * .  |
[[   24.356797] cloud-init[940]: |      ..So B +   |
[0;32m  OK  [0m] Started Authenticate and Authorize Users to Run Privileged Tasks.
[   24.357896] cloud-init[940]: |     . o +O * .  |
[   24.429416] cloud-init[940]: |      o Bo.X o   |
[   24.429956] cloud-init[940]: |       o *+.B    |
[[0;32m  OK  [0m] Started Accounts Service.
[   24.430146] cloud-init[940]: |        o.++     |
[   24.505083] cloud-init[940]: +----[SHA256]-----+
[   24.534838] cloud-init[1044]: Generating locales (this might take a while)...
[[0;32m  OK  [0m] Started LSB: Set the CPU Frequency Scaling governor to "ondemand".
         Starting Hold until boot process finishes up...
         Starting Terminate Plymouth Boot Screen...
         Starting OpenBSD Secure Shell server...
[[0;32m  OK  [0m] Started OpenBSD Secure Shell server.
[[0;32m  OK  [0m] Started LSB: daemon to balance interrupts for SMP systems.
[[0;32m  OK  [0m] Started LSB: VirtualBox Linux Additions.
[[0;32m  OK  [0m] Started Hold until boot process finishes up.
[[0;32m  OK  [0m] Started Terminate Plymouth Boot Screen.
[[0;32m  OK  [0m] Started LSB: automatic crash report generation.
[[0;32m  OK  [0m] Started Getty on tty1.
         Starting Set console scheme...
[[0;32m  OK  [0m] Started Serial Getty on ttyS0.
[[0;32m  OK  [0m] Reached target Login Prompts.
[[0;32m  OK  [0m] Reached target Multi-User System.
[[0;32m  OK  [0m] Reached target Graphical Interface.
         Starting Update UTMP about System Runlevel Changes...
[[0;32m  OK  [0m] Started Set console scheme.
[[0;32m  OK  [0m] Started Update UTMP about System Runlevel Changes.
[   25.826720] cloud-init[1044]:   en_US.UTF-8... done
[   25.864717] cloud-init[1044]: Generation complete.
         Stopping OpenBSD Secure Shell server...
[[0;32m  OK  [0m] Stopped OpenBSD Secure Shell server.
         Starting OpenBSD Secure Shell server...
[[0;32m  OK  [0m] Started OpenBSD Secure Shell server.
[[0;32m  OK  [0m] Created slice User Slice of ubuntu.
         Starting User Manager for UID 1000...
[[0;32m  OK  [0m] Started Session 1 of user ubuntu.
[[0;32m  OK  [0m] Started User Manager for UID 1000.
[   26.488124] cloud-init[1044]: Cloud-init v. 0.7.9 running 'modules:config' at Tue, 12 Sep 2017 09:25:09 +0000. Up 24.04 seconds.
[[0;32m  OK  [0m] Started Apply the settings specified in cloud-config.
         Starting Execute cloud user/final scripts...
ci-info: no authorized ssh keys fingerprints found for user ubuntu.
<14>Sep 12 09:25:13 ec2: 
<14>Sep 12 09:25:13 ec2: #############################################################
<14>Sep 12 09:25:13 ec2: -----BEGIN SSH HOST KEY FINGERPRINTS-----
<14>Sep 12 09:25:13 ec2: 1024 SHA256:hSgHYGbVJvSi0i9v+Qw4NklM1YmUFnZTZlCHjp7Nl2Q root@ubuntu-xenial (DSA)
<14>Sep 12 09:25:13 ec2: 256 SHA256:LfEO/wvA/Nqz+yBXzTMMsn7jDkASulE+YcgErdslsIM root@ubuntu-xenial (ECDSA)
<14>Sep 12 09:25:13 ec2: 256 SHA256:+h1imdsOiQRZZspZE7zcbM/P4Ef4wS1KEc+6Z1DjhXQ root@ubuntu-xenial (ED25519)
<14>Sep 12 09:25:13 ec2: 2048 SHA256:f4YL1GO9ADOOiSNqtXcs+X1MK1xlHO/dlR+zSHw862g root@ubuntu-xenial (RSA)
<14>Sep 12 09:25:13 ec2: -----END SSH HOST KEY FINGERPRINTS-----
<14>Sep 12 09:25:13 ec2: #############################################################
-----BEGIN SSH HOST KEY KEYS-----
ecdsa-sha2-nistp256 AAAAE2VjZHNhLXNoYTItbmlzdHAyNTYAAAAIbmlzdHAyNTYAAABBBFqXP99KRTH7ikz44rsHjvwDyqOlSEC1lmZRUMjqhZgZamuFrZO1P2F9/Fd6fYcRuMjg/ixbQSRzbQKRBBaeudM= root@ubuntu-xenial
ssh-ed25519 AAAAC3NzaC1lZDI1NTE5AAAAIHE0lz6ATlz7HGPbGAdpPuqpSyyLwhhBuRk1GNcKfHTL root@ubuntu-xenial
ssh-rsa AAAAB3NzaC1yc2EAAAADAQABAAABAQC36aXqx4oYiFYXCdKLaCZkfa5e8c/a08l/6rCsIAnQZBbtDu4oJVHyL7mHptF6es6a42xa5Et4/AeCjOOCOSne5FR8gHWPQ5DFaQjrq+e4FndRTK3ph1rIenvH8OXhDu5M6/1daiNpfXxVTND661O+imw6uc8YENCXwy8kYFQkepCW3b0DP8ktLOmrxo3AHBqaVwEMAucCG+ko+SyFOMa1mlY6Arj2JBzepWWnWlRMRcS6HF6MdDy6++XIot7bbBIt4RTpBqlaHpqwI31W/GMWfa/vr4vc3J8GpZ+abLKA3CPceQHqyRBOF4muN9AdAYOMQSSGekMLSwJZVVObt54J root@ubuntu-xenial
-----END SSH HOST KEY KEYS-----
[   27.755150] cloud-init[1381]: Cloud-init v. 0.7.9 running 'modules:final' at Tue, 12 Sep 2017 09:25:12 +0000. Up 27.22 seconds.
[   27.779699] cloud-init[1381]: ci-info: no authorized ssh keys fingerprints found for user ubuntu.
[   27.792671] cloud-init[1381]: Cloud-init v. 0.7.9 finished at Tue, 12 Sep 2017 09:25:13 +0000. Datasource DataSourceNoCloud [seed=/dev/sdb][dsmode=net].  Up 27.73 seconds
[[0;32m  OK  [0m] Started Execute cloud user/final scripts.
[[0;32m  OK  [0m] Reached target Cloud-init target.

Ubuntu 16.04.3 LTS ubuntu-xenial ttyS0

ubuntu-xenial login: 